'----------EXONERATED CONVICTIONS----------'
'----------OFFENSES----------'
{'Accessory to Murder': 0.0011928429423459245,
 'Arson': 0.009145129224652087,
 'Assault': 0.0389662027833002,
 'Attempt, Violent': 0.0015904572564612327,
 'Attempted Murder': 0.02186878727634195,
 'Bribery': 0.0019880715705765406,
 'Burglary/Unlawful Entry': 0.005964214711729622,
 'Child Abuse': 0.0035785288270377734,
 'Child Sex Abuse': 0.10894632206759443,
 'Dependent Adult Abuse': 0.00039761431411530816,
 'Destruction of Property': 0.0011928429423459245,
 'Drug Possession or Sale': 0.13001988071570578,
 'Failure to Pay Child Support': 0.0007952286282306163,
 'Filing a False Report': 0.00039761431411530816,
 'Forgery': 0.0011928429423459245,
 'Fraud': 0.016302186878727636,
 'Harassment': 0.00039761431411530816,
 'Immigration': 0.0015904572564612327,
 'Kidnapping': 0.005964214711729622,
 'Manslaughter': 0.01868787276341948,
 'Menacing': 0.0007952286282306163,
 'Military Justice Offense': 0.00039761431411530816,
 'Murder': 0.38409542743538766,
 'Obstruction of Justice': 0.00039761431411530816,
 'Official Misconduct': 0.0007952286282306163,
 'Other': 0.0035785288270377734,
 'Other Nonviolent Felony': 0.004771371769383698,
 'Other Nonviolent Misdemeanor': 0.00039761431411530816,
 'Other Violent Felony': 0.0035785288270377734,
 'Perjury': 0.0019880715705765406,
 'Possession of Stolen Property': 0.0011928429423459245,
 'Robbery': 0.05129224652087475,
 'Sex Offender Registration': 0.011133200795228629,
 'Sexual Assault': 0.13240556660039762,
 'Solicitation': 0.0007952286282306163,
 'Stalking': 0.0007952286282306163,
 'Supporting Terrorism': 0.0007952286282306163,
 'Tax Evasion/Fraud': 0.002783300198807157,
 'Theft': 0.007952286282306162,
 'Threats': 0.0015904572564612327,
 'Traffic Offense': 0.002783300198807157,
 'Weapon Possession or Sale': 0.015506958250497018}
'----------LOCATIONS----------'
{'Alabama': 0.01073558648111332,
 'Alaska': 0.0031809145129224653,
 'Arizona': 0.008349900596421472,
 'Arkansas': 0.003976143141153081,
 'California': 0.07833001988071571,
 'Colorado': 0.00437375745526839,
 'Connecticut': 0.009145129224652087,
 'Delaware': 0.0011928429423459245,
 'District of Columbia': 0.006759443339960238,
 'Fed-AL': 0.00039761431411530816,
 'Fed-AZ': 0.0011928429423459245,
 'Fed-CA': 0.00437375745526839,
 'Fed-CT': 0.0007952286282306163,
 'Fed-DC': 0.0015904572564612327,
 'Fed-FL': 0.002385685884691849,
 'Fed-IL': 0.002385685884691849,
 'Fed-KY': 0.00039761431411530816,
 'Fed-LA': 0.002385685884691849,
 'Fed-MA': 0.0011928429423459245,
 'Fed-MD': 0.0019880715705765406,
 'Fed-MI': 0.0011928429423459245,
 'Fed-MN': 0.00039761431411530816,
 'Fed-MO': 0.0015904572564612327,
 'Fed-MT': 0.00039761431411530816,
 'Fed-Military': 0.002385685884691849,
 'Fed-ND': 0.00039761431411530816,
 'Fed-NJ': 0.00039761431411530816,
 'Fed-NM': 0.00039761431411530816,
 'Fed-NV': 0.00039761431411530816,
 'Fed-NY': 0.007157057654075547,
 'Fed-OH': 0.00039761431411530816,
 'Fed-PA': 0.0019880715705765406,
 'Fed-SD': 0.00039761431411530816,
 'Fed-TN': 0.002385685884691849,
 'Fed-TX': 0.0019880715705765406,
 'Fed-VA': 0.0015904572564612327,
 'Fed-WA': 0.0007952286282306163,
 'Fed-WI': 0.0019880715705765406,
 'Florida': 0.029025844930417495,
 'Georgia': 0.014711729622266401,
 'Guam': 0.00039761431411530816,
 'Hawaii': 0.0011928429423459245,
 'Idaho': 0.002385685884691849,
 'Illinois': 0.12047713717693836,
 'Indiana': 0.014711729622266401,
 'Iowa': 0.006361829025844931,
 'Kansas': 0.00437375745526839,
 'Kentucky': 0.005964214711729622,
 'Louisiana': 0.02345924453280318,
 'Maine': 0.0011928429423459245,
 'Maryland': 0.013518886679920477,
 'Massachusetts': 0.026242544731610338,
 'Michigan': 0.03936381709741551,
 'Minnesota': 0.006361829025844931,
 'Mississippi': 0.008349900596421472,
 'Missouri': 0.01868787276341948,
 'Montana': 0.005566600397614314,
 'Nebraska': 0.0035785288270377734,
 'Nevada': 0.005168986083499006,
 'New Hampshire': 0.00039761431411530816,
 'New Jersey': 0.015109343936381709,
 'New Mexico': 0.0031809145129224653,
 'New York': 0.10536779324055666,
 'North Carolina': 0.025447316103379723,
 'North Dakota': 0.0015904572564612327,
 'Ohio': 0.03300198807157058,
 'Oklahoma': 0.014711729622266401,
 'Oregon': 0.0075546719681908545,
 'Pennsylvania': 0.03220675944333996,
 'Puerto Rico': 0.002385685884691849,
 'Rhode Island': 0.002385685884691849,
 'South Carolina': 0.002783300198807157,
 'South Dakota': 0.0019880715705765406,
 'Tennessee': 0.008349900596421472,
 'Texas': 0.14433399602385685,
 'Utah': 0.007157057654075547,
 'Vermont': 0.0007952286282306163,
 'Virginia': 0.020675944333996023,
 'Washington': 0.019880715705765408,
 'West Virginia': 0.003976143141153081,
 'Wisconsin': 0.022664015904572565,
 'Wyoming': 0.0015904572564612327}
'----------RACES----------'
{'Asian': 0.009542743538767396,
 'Black': 0.48906560636182905,
 'Hispanic': 0.11610337972166998,
 'Native American': 0.0075546719681908545,
 'Other': 0.005964214711729622,
 'White': 0.3717693836978131}
