'----------NONEXONERATED CONVICTIONS----------'
'----------OFFENSES----------'
{'Administration of Justice': 0.009856083733100741,
 'Antitrust': 0.0009594417793283908,
 'Arson': 0.0004361098996947231,
 'Assault': 0.011774967291757523,
 'Bribery/Corruption': 0.005233318796336677,
 'Burglary/Trespass': 0.0004361098996947231,
 'Child Pornography': 0.020846053205407764,
 'Commercialized Vice': 0.0019188835586567816,
 'Drug Possession': 0.008896641953772351,
 'Drug Trafficking': 0.2797208896641954,
 'Environmental': 0.002703881378107283,
 'Extortion/Racketeering': 0.004273877017008286,
 'Firearms': 0.11303968600087222,
 'Food and Drug': 0.0006977758395115569,
 'Forgery/Counter/Copyright': 0.00340165721761884,
 'Fraud/Theft/Embezzlement': 0.09986916703009158,
 'Immigration': 0.3327518534670737,
 'Individual Rights': 0.0006977758395115569,
 'Kidnapping': 0.0012211077191452246,
 'Manslaughter': 0.0008722197993894462,
 'Money Launder': 0.016136066288704752,
 'Murder': 0.0034888791975577847,
 'National Defense': 0.002878325337985172,
 'Obscenity/Other Sex Offenses': 0.0065416484954208464,
 'Other': 0.014042738770170083,
 'Prison Offenses': 0.00680331443523768,
 'Robbery': 0.020497165285651986,
 'Sex Abuse': 0.01683384212821631,
 'Stalking/Harassing': 0.0027911033580462277,
 'Tax': 0.010292193632795465}
'----------LOCATIONS----------'
{'Alabama Mid': 0.0027911033580462277,
 'Alabama North': 0.008373310074138683,
 'Alabama South': 0.0046227649367640644,
 'Alaska': 0.00226777147841256,
 'Arizona': 0.07143480156999564,
 'Arkansas East': 0.005058874836458787,
 'Arkansas West': 0.004448320976886176,
 'California Central': 0.019537723506323594,
 'California East': 0.0055822067160924554,
 'California North': 0.007326646314871348,
 'California South': 0.048146532926297426,
 'Colorado': 0.007588312254688182,
 'Connecticut': 0.0046227649367640644,
 'Delaware': 0.00113388573920628,
 'Dist of Columbia': 0.002965547317924117,
 'Florida Mid': 0.022764936764064544,
 'Florida North': 0.004099433057130397,
 'Florida South': 0.03436546009594418,
 'Georgia Mid': 0.007152202354993458,
 'Georgia North': 0.007588312254688182,
 'Georgia South': 0.006018316615787178,
 'Guam': 0.0007849978194505015,
 'Hawaii': 0.002965547317924117,
 'Idaho': 0.0058438726559092895,
 'Illinois Cent': 0.004099433057130397,
 'Illinois North': 0.009594417793283908,
 'Illinois South': 0.003663323157435674,
 'Indiana North': 0.005233318796336677,
 'Indiana South': 0.005494984736153511,
 'Iowa North': 0.006192760575665068,
 'Iowa South': 0.006977758395115569,
 'Kansas': 0.008634976013955516,
 'Kentucky East': 0.005494984736153511,
 'Kentucky West': 0.005931094635848234,
 'Louisiana East': 0.004273877017008286,
 'Louisiana Middle': 0.002180549498473615,
 'Louisiana West': 0.004186655037069342,
 'Maine': 0.0026166593981683385,
 'Maryland': 0.012211077191452245,
 'Massachusetts': 0.007064980375054514,
 'Michigan East': 0.0113388573920628,
 'Michigan West': 0.0055822067160924554,
 'Minnesota': 0.004186655037069342,
 'Mississippi North': 0.00226777147841256,
 'Mississippi South': 0.003663323157435674,
 'Missouri East': 0.015089402529437418,
 'Missouri West': 0.010117749672917575,
 'Montana': 0.006454426515481901,
 'N Carolina East': 0.011077191452245966,
 'N Carolina Mid': 0.007762756214566071,
 'N Carolina West': 0.006367204535542957,
 'Nebraska': 0.006977758395115569,
 'Nevada': 0.006192760575665068,
 'New Hampshire': 0.002965547317924117,
 'New Jersey': 0.007239424334932403,
 'New Mexico': 0.062276493676406454,
 'New York East': 0.010815525512429132,
 'New York North': 0.006977758395115569,
 'New York South': 0.012123855211513301,
 'New York West': 0.006890536415176625,
 'North Dakota': 0.007326646314871348,
 'Ohio North': 0.009245529873528129,
 'Ohio South': 0.008896641953772351,
 'Oklahoma East': 0.00113388573920628,
 'Oklahoma North': 0.00226777147841256,
 'Oklahoma West': 0.005407762756214566,
 'Oregon': 0.005931094635848234,
 'Penn. East': 0.009507195813344962,
 'Penn. Mid': 0.008198866114260794,
 'Penn. West': 0.006628870475359791,
 'Puerto Rico': 0.0034888791975577847,
 'Rhode Island': 0.0012211077191452246,
 'South Carolina': 0.01343218491059747,
 'South Dakota': 0.009158307893589184,
 'Tennessee East': 0.011513301351940688,
 'Tennessee Mid': 0.005146096816397733,
 'Tennessee West': 0.007326646314871348,
 'Texas East': 0.012734409071085914,
 'Texas North': 0.020409943305713038,
 'Texas South': 0.08556476232010467,
 'Texas West': 0.10588748364587876,
 'Utah': 0.009681639773222853,
 'Vermont': 0.0017444395987788923,
 'Virginia East': 0.021805494984736152,
 'Virginia West': 0.003576101177496729,
 'W Virginia North': 0.005407762756214566,
 'W Virginia South': 0.0024422154382904493,
 'Washington East': 0.006105538595726123,
 'Washington West': 0.008198866114260794,
 'Wisconsin East': 0.004797208896641954,
 'Wisconsin West': 0.002878325337985172,
 'Wyoming': 0.005146096816397733}
'----------RACES----------'
{'American Indian/Alaskan Native': 0.021979938944614044,
 'American Indians Citizenship Unknown': 8.722197993894462e-05,
 'Asian or Pacific Islander': 0.013693850850414304,
 'Black/African American': 0.21168774531181858,
 'Info on Race Not Available in Docs': 0.011862189271696468,
 'Multi-racial': 0.0005233318796336677,
 'Non-US American Indians': 8.722197993894462e-05,
 'Other': 0.004709986916703009,
 'White/Caucasian': 0.7352812908853031}
